# JRE version: Java(TM) SE Runtime Environment (7.0_67-b01) (build 1.7.0_67-b01)
# Java VM: Java HotSpot(TM) 64-Bit Server VM (24.65-b04 mixed mode bsd-amd64 compressed oops)
Heap
 PSYoungGen      total 76800K, used 6010K [0x00000007aaa80000, 0x00000007b0000000, 0x0000000800000000)
  eden space 66048K, 2% used [0x00000007aaa80000,0x00000007aac1bda8,0x00000007aeb00000)
  from space 10752K, 40% used [0x00000007af580000,0x00000007af9c2b48,0x00000007b0000000)
  to   space 10752K, 0% used [0x00000007aeb00000,0x00000007aeb00000,0x00000007af580000)
 ParOldGen       total 174592K, used 80K [0x0000000700000000, 0x000000070aa80000, 0x00000007aaa80000)
  object space 174592K, 0% used [0x0000000700000000,0x0000000700014010,0x000000070aa80000)
 PSPermGen       total 21504K, used 13065K [0x00000006fae00000, 0x00000006fc300000, 0x0000000700000000)
  object space 21504K, 60% used [0x00000006fae00000,0x00000006fbac2718,0x00000006fc300000)
GC Heap History (4 events):
Event: 2.091 GC heap before
{Heap before GC invocations=1 (full 0):
 PSYoungGen      total 76800K, used 66048K [0x00000007aaa80000, 0x00000007b0000000, 0x0000000800000000)
  eden space 66048K, 100% used [0x00000007aaa80000,0x00000007aeb00000,0x00000007aeb00000)
  from space 10752K, 0% used [0x00000007af580000,0x00000007af580000,0x00000007b0000000)
  to   space 10752K, 0% used [0x00000007aeb00000,0x00000007aeb00000,0x00000007af580000)
 ParOldGen       total 174592K, used 0K [0x0000000700000000, 0x000000070aa80000, 0x00000007aaa80000)
  object space 174592K, 0% used [0x0000000700000000,0x0000000700000000,0x000000070aa80000)
 PSPermGen       total 21504K, used 12995K [0x00000006fae00000, 0x00000006fc300000, 0x0000000700000000)
  object space 21504K, 60% used [0x00000006fae00000,0x00000006fbab0f90,0x00000006fc300000)
Event: 2.099 GC heap after
Heap after GC invocations=1 (full 0):
 PSYoungGen      total 76800K, used 7908K [0x00000007aaa80000, 0x00000007b0000000, 0x0000000800000000)
  eden space 66048K, 0% used [0x00000007aaa80000,0x00000007aaa80000,0x00000007aeb00000)
  from space 10752K, 73% used [0x00000007aeb00000,0x00000007af2b9380,0x00000007af580000)
  to   space 10752K, 0% used [0x00000007af580000,0x00000007af580000,0x00000007b0000000)
 ParOldGen       total 174592K, used 8K [0x0000000700000000, 0x000000070aa80000, 0x00000007aaa80000)
  object space 174592K, 0% used [0x0000000700000000,0x0000000700002000,0x000000070aa80000)
 PSPermGen       total 21504K, used 12995K [0x00000006fae00000, 0x00000006fc300000, 0x0000000700000000)
  object space 21504K, 60% used [0x00000006fae00000,0x00000006fbab0f90,0x00000006fc300000)
}
Event: 6.646 GC heap before
{Heap before GC invocations=2 (full 0):
 PSYoungGen      total 76800K, used 73956K [0x00000007aaa80000, 0x00000007b0000000, 0x0000000800000000)
  eden space 66048K, 100% used [0x00000007aaa80000,0x00000007aeb00000,0x00000007aeb00000)
  from space 10752K, 73% used [0x00000007aeb00000,0x00000007af2b9380,0x00000007af580000)
  to   space 10752K, 0% used [0x00000007af580000,0x00000007af580000,0x00000007b0000000)
 ParOldGen       total 174592K, used 8K [0x0000000700000000, 0x000000070aa80000, 0x00000007aaa80000)
  object space 174592K, 0% used [0x0000000700000000,0x0000000700002000,0x000000070aa80000)
 PSPermGen       total 21504K, used 13064K [0x00000006fae00000, 0x00000006fc300000, 0x0000000700000000)
  object space 21504K, 60% used [0x00000006fae00000,0x00000006fbac2248,0x00000006fc300000)
Event: 6.650 GC heap after
Heap after GC invocations=2 (full 0):
 PSYoungGen      total 76800K, used 4362K [0x00000007aaa80000, 0x00000007b0000000, 0x0000000800000000)
  eden space 66048K, 0% used [0x00000007aaa80000,0x00000007aaa80000,0x00000007aeb00000)
  from space 10752K, 40% used [0x00000007af580000,0x00000007af9c2b48,0x00000007b0000000)
  to   space 10752K, 0% used [0x00000007aeb00000,0x00000007aeb00000,0x00000007af580000)
 ParOldGen       total 174592K, used 80K [0x0000000700000000, 0x000000070aa80000, 0x00000007aaa80000)
  object space 174592K, 0% used [0x0000000700000000,0x0000000700014010,0x000000070aa80000)
 PSPermGen       total 21504K, used 13064K [0x00000006fae00000, 0x00000006fc300000, 0x0000000700000000)
  object space 21504K, 60% used [0x00000006fae00000,0x00000006fbac2248,0x00000006fc300000)
}

